Microsoft (R) Macro Assembler Version 14.00.24210.0	    09/29/16 15:10:49
Demo Bad Cod						     Page 1 - 1


				TITLE Demo Bad Code
				.386
				.model flat,stdcall
				.stack 4096
				ExitProcess proto,dwExitCode:dword
 00000000			.data
 00000000 00000001		arrayD  DWORD 1,2,3,4
	   00000002
	   00000003
	   00000004
 00000000			.code
 00000000			main PROC
 00000000  A1 FFFFF45C R		mov eax,[arrayD-00002980] ; ??
 00000005  A1 FFFFFFFC R		mov eax,[arrayD-4] ; ??
 0000000A  A1 FFFFFFFA R		mov eax,[arrayD-6] ; ??
					invoke ExitProcess,0
 0000000F  6A 00	   *	    push   +000000000h
 00000011  E8 00000000 E   *	    call   ExitProcess
 00000016			main ENDP
				END main
Microsoft (R) Macro Assembler Version 14.00.24210.0	    09/29/16 15:10:49
Demo Bad Cod						     Symbols 2 - 1




Segments and Groups:

                N a m e                 Size     Length   Align   Combine Class

FLAT . . . . . . . . . . . . . .	GROUP
STACK  . . . . . . . . . . . . .	32 Bit	 00001000 DWord	  Stack	  'STACK'	 
_DATA  . . . . . . . . . . . . .	32 Bit	 00000010 DWord	  Public  'DATA'	
_TEXT  . . . . . . . . . . . . .	32 Bit	 00000016 DWord	  Public  'CODE'	


Procedures, parameters, and locals:

                N a m e                 Type     Value    Attr

ExitProcess  . . . . . . . . . .	P Near	 00000000 FLAT	Length= 00000000 External STDCALL
main . . . . . . . . . . . . . .	P Near	 00000000 _TEXT	Length= 00000016 Public STDCALL


Symbols:

                N a m e                 Type     Value    Attr

@CodeSize  . . . . . . . . . . .	Number	 00000000h   
@DataSize  . . . . . . . . . . .	Number	 00000000h   
@Interface . . . . . . . . . . .	Number	 00000003h   
@Model . . . . . . . . . . . . .	Number	 00000007h   
@code  . . . . . . . . . . . . .	Text   	 _TEXT
@data  . . . . . . . . . . . . .	Text   	 FLAT
@fardata?  . . . . . . . . . . .	Text   	 FLAT
@fardata . . . . . . . . . . . .	Text   	 FLAT
@stack . . . . . . . . . . . . .	Text   	 FLAT
arrayD . . . . . . . . . . . . .	DWord	 00000000 _DATA	

	   0 Warnings
	   0 Errors
