Microsoft (R) Macro Assembler Version 14.00.24210.0	    10/04/16 15:59:57
DaysOfWeek.asm						     Page 1 - 1


				;AddTwo.asm
				;EX04_07

				.386
				.model flat, stdcall
				.stack 4096
				ExitProcess PROTO, dwExitCode:DWORD
 00000000			.code
 00000000			main PROC

 = = 1					M EQU = 1
 = = 2					T EQU = 2
 = = 3					W EQU = 3
 = = 4					TH EQU = 4
 = = 5					F EQU = 5
 = = 6					S EQU = 6
 = = 7					SU EQU = 7

					daysOfWeek WORD M, T, W, TH, F, S, SU
DaysOfWeek.asm(19) : error A2008:syntax error
					
					INVOKE ExitProcess,0
 00000000  6A 00	   *	    push   +000000000h
 00000002  E8 00000000 E   *	    call   ExitProcess
 00000007			main ENDP
				END main 
Microsoft (R) Macro Assembler Version 14.00.24210.0	    10/04/16 15:59:57
DaysOfWeek.asm						     Symbols 2 - 1




Segments and Groups:

                N a m e                 Size     Length   Align   Combine Class

FLAT . . . . . . . . . . . . . .	GROUP
STACK  . . . . . . . . . . . . .	32 Bit	 00001000 DWord	  Stack	  'STACK'	 
_DATA  . . . . . . . . . . . . .	32 Bit	 00000000 DWord	  Public  'DATA'	
_TEXT  . . . . . . . . . . . . .	32 Bit	 00000007 DWord	  Public  'CODE'	


Procedures, parameters, and locals:

                N a m e                 Type     Value    Attr

ExitProcess  . . . . . . . . . .	P Near	 00000000 FLAT	Length= 00000000 External STDCALL
main . . . . . . . . . . . . . .	P Near	 00000000 _TEXT	Length= 00000007 Public STDCALL


Symbols:

                N a m e                 Type     Value    Attr

@CodeSize  . . . . . . . . . . .	Number	 00000000h   
@DataSize  . . . . . . . . . . .	Number	 00000000h   
@Interface . . . . . . . . . . .	Number	 00000003h   
@Model . . . . . . . . . . . . .	Number	 00000007h   
@code  . . . . . . . . . . . . .	Text   	 _TEXT
@data  . . . . . . . . . . . . .	Text   	 FLAT
@fardata?  . . . . . . . . . . .	Text   	 FLAT
@fardata . . . . . . . . . . . .	Text   	 FLAT
@stack . . . . . . . . . . . . .	Text   	 FLAT
F  . . . . . . . . . . . . . . .	Text   	 = 5
M  . . . . . . . . . . . . . . .	Text   	 = 1
SU . . . . . . . . . . . . . . .	Text   	 = 7
S  . . . . . . . . . . . . . . .	Text   	 = 6
TH . . . . . . . . . . . . . . .	Text   	 = 4
T  . . . . . . . . . . . . . . .	Text   	 = 2
W  . . . . . . . . . . . . . . .	Text   	 = 3

	   0 Warnings
	   1 Errors
