d:\asmbook 7\examples\project32\debug\project.ilk
d:\asmbook 7\examples\project32\debug\project.exe
d:\asmbook 7\examples\project32\debug\project.pdb
d:\asmbook 7\examples\project32\debug\algorithmworkbench.obj
\\mac\2019\mgamlem19\cs278-1\exam 2\project32\debug\project.ilk
\\mac\2019\mgamlem19\cs278-1\exam 2\project32\debug\project.exe
\\mac\2019\mgamlem19\cs278-1\exam 2\project32\debug\project.pdb
\\mac\2019\mgamlem19\cs278-1\exam 2\project32\debug\source.obj
\\mac\2019\mgamlem19\cs278-1\exam 2\project32\debug\link-cvtres.read.1.tlog
\\mac\2019\mgamlem19\cs278-1\exam 2\project32\debug\link-cvtres.write.1.tlog
\\mac\2019\mgamlem19\cs278-1\exam 2\project32\debug\link-rc.read.1.tlog
\\mac\2019\mgamlem19\cs278-1\exam 2\project32\debug\link-rc.write.1.tlog
\\mac\2019\mgamlem19\cs278-1\exam 2\project32\debug\link.6544-cvtres.read.1.tlog
\\mac\2019\mgamlem19\cs278-1\exam 2\project32\debug\link.6544-cvtres.write.1.tlog
\\mac\2019\mgamlem19\cs278-1\exam 2\project32\debug\link.6544-rc.read.1.tlog
\\mac\2019\mgamlem19\cs278-1\exam 2\project32\debug\link.6544-rc.write.1.tlog
\\mac\2019\mgamlem19\cs278-1\exam 2\project32\debug\link.6544.read.1.tlog
\\mac\2019\mgamlem19\cs278-1\exam 2\project32\debug\link.6544.write.1.tlog
\\mac\2019\mgamlem19\cs278-1\exam 2\project32\debug\link.command.1.tlog
\\mac\2019\mgamlem19\cs278-1\exam 2\project32\debug\link.read.1.tlog
\\mac\2019\mgamlem19\cs278-1\exam 2\project32\debug\link.write.1.tlog
\\mac\2019\mgamlem19\cs278-1\exam 2\project32\debug\project.write.1.tlog
\\mac\2019\mgamlem19\cs278-1\exam 2\project32\debug\project.tlog\link.command.1.tlog
\\mac\2019\mgamlem19\cs278-1\exam 2\project32\debug\project.tlog\link.read.1.tlog
\\mac\2019\mgamlem19\cs278-1\exam 2\project32\debug\project.tlog\link.write.1.tlog
\\mac\2019\mgamlem19\cs278-1\exam 2\project32\debug\project.tlog\project.write.1u.tlog
